<?xml version="1.0" encoding="UTF-8"?>
<!-- Generated by org.testng.reporters.JUnitXMLReporter -->
<testsuite hostname="dell-PC" ignored="0" name="way2Automation" tests="1" failures="1" timestamp="05 Nov 2017 01:14:58 GMT" time="68.459" errors="0">
  <testcase name="clckSortable" time="29.753" classname="com.pack.common.test.InteractionDemo">
    <failure type="java.lang.AssertionError" message="expected [Item 5] but found [Item 1]">
      <![CDATA[java.lang.AssertionError: expected [Item 5] but found [Item 1]
	at com.pack.common.packageObjects.BasePage.testSortableFunctionality(BasePage.java:186)
	at com.pack.common.test.InteractionDemo.clckSortable(InteractionDemo.java:40)
... Removed 31 stack frames]]>
    </failure>
  </testcase> <!-- clckSortable -->
</testsuite> <!-- way2Automation -->
